{"uid":"88009236c9e83830","name":"Az adatkezelési nyilatkozat használata -A tájékoztatás elutasítása-","fullName":"Vizsgaremek.test.test_conduit.TestConduit#test_statement","historyId":"5841469ac776671abc6eea6b7c040020","time":{"start":1681650191558,"stop":1681650196668,"duration":5110},"status":"broken","statusMessage":"selenium.common.exceptions.TimeoutException: Message: \nStacktrace:\n#0 0x55f5ade76fe3 <unknown>\n#1 0x55f5adbb5d36 <unknown>\n#2 0x55f5adbf2c4d <unknown>\n#3 0x55f5adbf2d61 <unknown>\n#4 0x55f5adc2e6a4 <unknown>\n#5 0x55f5adc138ed <unknown>\n#6 0x55f5adc2c232 <unknown>\n#7 0x55f5adc13693 <unknown>\n#8 0x55f5adbe603a <unknown>\n#9 0x55f5adbe717e <unknown>\n#10 0x55f5ade38dbd <unknown>\n#11 0x55f5ade3cc6c <unknown>\n#12 0x55f5ade464b0 <unknown>\n#13 0x55f5ade3dd63 <unknown>\n#14 0x55f5ade10c35 <unknown>\n#15 0x55f5ade61138 <unknown>\n#16 0x55f5ade612c7 <unknown>\n#17 0x55f5ade6f093 <unknown>\n#18 0x7ff3a46cbb43 <unknown>","statusTrace":"self = <test_conduit.TestConduit object at 0x7fb15ca98730>\n\n    @allure.id('TC01')\n    @allure.title('Az adatkezelési nyilatkozat használata -A tájékoztatás elutasítása-')\n    def test_statement(self):\n>       decline = WebDriverWait(self.browser, 5).until(\n            EC.presence_of_element_located((By.CLASS_NAME, 'cookie__bar__but tons__button--decline')))\n\nVizsgaremek/test/test_conduit.py:41: \n_ _ _ _ _ _ _ _ _ _ _ _ _ _ _ _ _ _ _ _ _ _ _ _ _ _ _ _ _ _ _ _ _ _ _ _ _ _ _ _ \n\nself = <selenium.webdriver.support.wait.WebDriverWait (session=\"cb3a1a76d98c4d8b5d0c0b83fa290c52\")>\nmethod = <function presence_of_element_located.<locals>._predicate at 0x7fb15d1e23b0>\nmessage = ''\n\n    def until(self, method, message: str = \"\"):\n        \"\"\"Calls the method provided with the driver as an argument until the \\\n        return value does not evaluate to ``False``.\n    \n        :param method: callable(WebDriver)\n        :param message: optional message for :exc:`TimeoutException`\n        :returns: the result of the last call to `method`\n        :raises: :exc:`selenium.common.exceptions.TimeoutException` if timeout occurs\n        \"\"\"\n        screen = None\n        stacktrace = None\n    \n        end_time = time.monotonic() + self._timeout\n        while True:\n            try:\n                value = method(self._driver)\n                if value:\n                    return value\n            except self._ignored_exceptions as exc:\n                screen = getattr(exc, \"screen\", None)\n                stacktrace = getattr(exc, \"stacktrace\", None)\n            time.sleep(self._poll)\n            if time.monotonic() > end_time:\n                break\n>       raise TimeoutException(message, screen, stacktrace)\nE       selenium.common.exceptions.TimeoutException: Message: \nE       Stacktrace:\nE       #0 0x55f5ade76fe3 <unknown>\nE       #1 0x55f5adbb5d36 <unknown>\nE       #2 0x55f5adbf2c4d <unknown>\nE       #3 0x55f5adbf2d61 <unknown>\nE       #4 0x55f5adc2e6a4 <unknown>\nE       #5 0x55f5adc138ed <unknown>\nE       #6 0x55f5adc2c232 <unknown>\nE       #7 0x55f5adc13693 <unknown>\nE       #8 0x55f5adbe603a <unknown>\nE       #9 0x55f5adbe717e <unknown>\nE       #10 0x55f5ade38dbd <unknown>\nE       #11 0x55f5ade3cc6c <unknown>\nE       #12 0x55f5ade464b0 <unknown>\nE       #13 0x55f5ade3dd63 <unknown>\nE       #14 0x55f5ade10c35 <unknown>\nE       #15 0x55f5ade61138 <unknown>\nE       #16 0x55f5ade612c7 <unknown>\nE       #17 0x55f5ade6f093 <unknown>\nE       #18 0x7ff3a46cbb43 <unknown>\n\n/opt/hostedtoolcache/Python/3.10.11/x64/lib/python3.10/site-packages/selenium/webdriver/support/wait.py:95: TimeoutException","flaky":false,"newFailed":false,"newBroken":false,"newPassed":false,"retriesCount":0,"retriesStatusChange":false,"beforeStages":[{"name":"_xunit_setup_method_fixture_TestConduit","time":{"start":1681650183743,"stop":1681650191557,"duration":7814},"status":"passed","steps":[],"attachments":[],"parameters":[],"stepsCount":0,"attachmentsCount":0,"shouldDisplayMessage":false,"hasContent":false}],"testStage":{"status":"broken","statusMessage":"selenium.common.exceptions.TimeoutException: Message: \nStacktrace:\n#0 0x55f5ade76fe3 <unknown>\n#1 0x55f5adbb5d36 <unknown>\n#2 0x55f5adbf2c4d <unknown>\n#3 0x55f5adbf2d61 <unknown>\n#4 0x55f5adc2e6a4 <unknown>\n#5 0x55f5adc138ed <unknown>\n#6 0x55f5adc2c232 <unknown>\n#7 0x55f5adc13693 <unknown>\n#8 0x55f5adbe603a <unknown>\n#9 0x55f5adbe717e <unknown>\n#10 0x55f5ade38dbd <unknown>\n#11 0x55f5ade3cc6c <unknown>\n#12 0x55f5ade464b0 <unknown>\n#13 0x55f5ade3dd63 <unknown>\n#14 0x55f5ade10c35 <unknown>\n#15 0x55f5ade61138 <unknown>\n#16 0x55f5ade612c7 <unknown>\n#17 0x55f5ade6f093 <unknown>\n#18 0x7ff3a46cbb43 <unknown>","statusTrace":"self = <test_conduit.TestConduit object at 0x7fb15ca98730>\n\n    @allure.id('TC01')\n    @allure.title('Az adatkezelési nyilatkozat használata -A tájékoztatás elutasítása-')\n    def test_statement(self):\n>       decline = WebDriverWait(self.browser, 5).until(\n            EC.presence_of_element_located((By.CLASS_NAME, 'cookie__bar__but tons__button--decline')))\n\nVizsgaremek/test/test_conduit.py:41: \n_ _ _ _ _ _ _ _ _ _ _ _ _ _ _ _ _ _ _ _ _ _ _ _ _ _ _ _ _ _ _ _ _ _ _ _ _ _ _ _ \n\nself = <selenium.webdriver.support.wait.WebDriverWait (session=\"cb3a1a76d98c4d8b5d0c0b83fa290c52\")>\nmethod = <function presence_of_element_located.<locals>._predicate at 0x7fb15d1e23b0>\nmessage = ''\n\n    def until(self, method, message: str = \"\"):\n        \"\"\"Calls the method provided with the driver as an argument until the \\\n        return value does not evaluate to ``False``.\n    \n        :param method: callable(WebDriver)\n        :param message: optional message for :exc:`TimeoutException`\n        :returns: the result of the last call to `method`\n        :raises: :exc:`selenium.common.exceptions.TimeoutException` if timeout occurs\n        \"\"\"\n        screen = None\n        stacktrace = None\n    \n        end_time = time.monotonic() + self._timeout\n        while True:\n            try:\n                value = method(self._driver)\n                if value:\n                    return value\n            except self._ignored_exceptions as exc:\n                screen = getattr(exc, \"screen\", None)\n                stacktrace = getattr(exc, \"stacktrace\", None)\n            time.sleep(self._poll)\n            if time.monotonic() > end_time:\n                break\n>       raise TimeoutException(message, screen, stacktrace)\nE       selenium.common.exceptions.TimeoutException: Message: \nE       Stacktrace:\nE       #0 0x55f5ade76fe3 <unknown>\nE       #1 0x55f5adbb5d36 <unknown>\nE       #2 0x55f5adbf2c4d <unknown>\nE       #3 0x55f5adbf2d61 <unknown>\nE       #4 0x55f5adc2e6a4 <unknown>\nE       #5 0x55f5adc138ed <unknown>\nE       #6 0x55f5adc2c232 <unknown>\nE       #7 0x55f5adc13693 <unknown>\nE       #8 0x55f5adbe603a <unknown>\nE       #9 0x55f5adbe717e <unknown>\nE       #10 0x55f5ade38dbd <unknown>\nE       #11 0x55f5ade3cc6c <unknown>\nE       #12 0x55f5ade464b0 <unknown>\nE       #13 0x55f5ade3dd63 <unknown>\nE       #14 0x55f5ade10c35 <unknown>\nE       #15 0x55f5ade61138 <unknown>\nE       #16 0x55f5ade612c7 <unknown>\nE       #17 0x55f5ade6f093 <unknown>\nE       #18 0x7ff3a46cbb43 <unknown>\n\n/opt/hostedtoolcache/Python/3.10.11/x64/lib/python3.10/site-packages/selenium/webdriver/support/wait.py:95: TimeoutException","steps":[],"attachments":[{"uid":"f895f10c1694dcba","name":"stderr","source":"f895f10c1694dcba.txt","type":"text/plain","size":160}],"parameters":[],"stepsCount":0,"attachmentsCount":1,"shouldDisplayMessage":true,"hasContent":true},"afterStages":[{"name":"_xunit_setup_method_fixture_TestConduit::0","time":{"start":1681650196713,"stop":1681650196771,"duration":58},"status":"passed","steps":[],"attachments":[],"parameters":[],"stepsCount":0,"attachmentsCount":0,"shouldDisplayMessage":false,"hasContent":false}],"labels":[{"name":"as_id","value":"TC01"},{"name":"parentSuite","value":"Vizsgaremek.test"},{"name":"suite","value":"test_conduit"},{"name":"subSuite","value":"TestConduit"},{"name":"host","value":"fv-az553-445"},{"name":"thread","value":"3057-MainThread"},{"name":"framework","value":"pytest"},{"name":"language","value":"cpython3"},{"name":"package","value":"Vizsgaremek.test.test_conduit"},{"name":"resultFormat","value":"allure2"}],"parameters":[],"links":[],"hidden":false,"retry":false,"extra":{"severity":"normal","retries":[],"categories":[{"name":"Test defects","matchedStatuses":[],"flaky":false}],"tags":[]},"source":"88009236c9e83830.json","parameterValues":[]}