{"uid":"d12535a76be33fe3","name":"Az adatkezelési nyilatkozat használata -A tájékoztatás elutasítása-","fullName":"Vizsgaremek.test.test_conduit.TestConduit#test_statement","historyId":"5841469ac776671abc6eea6b7c040020","time":{"start":1681659462019,"stop":1681659469145,"duration":7126},"status":"broken","statusMessage":"selenium.common.exceptions.TimeoutException: Message: \nStacktrace:\n#0 0x55e8bd187fe3 <unknown>\n#1 0x55e8bcec6d36 <unknown>\n#2 0x55e8bcf03c4d <unknown>\n#3 0x55e8bcf03d61 <unknown>\n#4 0x55e8bcf3f6a4 <unknown>\n#5 0x55e8bcf248ed <unknown>\n#6 0x55e8bcf3d232 <unknown>\n#7 0x55e8bcf24693 <unknown>\n#8 0x55e8bcef703a <unknown>\n#9 0x55e8bcef817e <unknown>\n#10 0x55e8bd149dbd <unknown>\n#11 0x55e8bd14dc6c <unknown>\n#12 0x55e8bd1574b0 <unknown>\n#13 0x55e8bd14ed63 <unknown>\n#14 0x55e8bd121c35 <unknown>\n#15 0x55e8bd172138 <unknown>\n#16 0x55e8bd1722c7 <unknown>\n#17 0x55e8bd180093 <unknown>\n#18 0x7f5084fe0b43 <unknown>","statusTrace":"self = <test_conduit.TestConduit object at 0x7ff2622207f0>\n\n    @allure.id('TC01')\n    @allure.title('Az adatkezelési nyilatkozat használata -A tájékoztatás elutasítása-')\n    def test_statement(self):\n        time.sleep(2)\n        assert self.browser.current_url == 'http://localhost:1667/#/'\n>       decline = WebDriverWait(self.browser, 5).until(\n            EC.presence_of_element_located((By.CLASS_NAME, 'cookie__bar__but tons__button--decline')))\n\nVizsgaremek/test/test_conduit.py:43: \n_ _ _ _ _ _ _ _ _ _ _ _ _ _ _ _ _ _ _ _ _ _ _ _ _ _ _ _ _ _ _ _ _ _ _ _ _ _ _ _ \n\nself = <selenium.webdriver.support.wait.WebDriverWait (session=\"8c00d4fd9d637ae4267d2c9fa5df2201\")>\nmethod = <function presence_of_element_located.<locals>._predicate at 0x7ff262b5a3b0>\nmessage = ''\n\n    def until(self, method, message: str = \"\"):\n        \"\"\"Calls the method provided with the driver as an argument until the \\\n        return value does not evaluate to ``False``.\n    \n        :param method: callable(WebDriver)\n        :param message: optional message for :exc:`TimeoutException`\n        :returns: the result of the last call to `method`\n        :raises: :exc:`selenium.common.exceptions.TimeoutException` if timeout occurs\n        \"\"\"\n        screen = None\n        stacktrace = None\n    \n        end_time = time.monotonic() + self._timeout\n        while True:\n            try:\n                value = method(self._driver)\n                if value:\n                    return value\n            except self._ignored_exceptions as exc:\n                screen = getattr(exc, \"screen\", None)\n                stacktrace = getattr(exc, \"stacktrace\", None)\n            time.sleep(self._poll)\n            if time.monotonic() > end_time:\n                break\n>       raise TimeoutException(message, screen, stacktrace)\nE       selenium.common.exceptions.TimeoutException: Message: \nE       Stacktrace:\nE       #0 0x55e8bd187fe3 <unknown>\nE       #1 0x55e8bcec6d36 <unknown>\nE       #2 0x55e8bcf03c4d <unknown>\nE       #3 0x55e8bcf03d61 <unknown>\nE       #4 0x55e8bcf3f6a4 <unknown>\nE       #5 0x55e8bcf248ed <unknown>\nE       #6 0x55e8bcf3d232 <unknown>\nE       #7 0x55e8bcf24693 <unknown>\nE       #8 0x55e8bcef703a <unknown>\nE       #9 0x55e8bcef817e <unknown>\nE       #10 0x55e8bd149dbd <unknown>\nE       #11 0x55e8bd14dc6c <unknown>\nE       #12 0x55e8bd1574b0 <unknown>\nE       #13 0x55e8bd14ed63 <unknown>\nE       #14 0x55e8bd121c35 <unknown>\nE       #15 0x55e8bd172138 <unknown>\nE       #16 0x55e8bd1722c7 <unknown>\nE       #17 0x55e8bd180093 <unknown>\nE       #18 0x7f5084fe0b43 <unknown>\n\n/opt/hostedtoolcache/Python/3.10.11/x64/lib/python3.10/site-packages/selenium/webdriver/support/wait.py:95: TimeoutException","flaky":false,"newFailed":false,"newBroken":false,"newPassed":false,"retriesCount":0,"retriesStatusChange":false,"beforeStages":[{"name":"_xunit_setup_method_fixture_TestConduit","time":{"start":1681659451178,"stop":1681659462018,"duration":10840},"status":"passed","steps":[],"attachments":[],"parameters":[],"stepsCount":0,"attachmentsCount":0,"shouldDisplayMessage":false,"hasContent":false}],"testStage":{"status":"broken","statusMessage":"selenium.common.exceptions.TimeoutException: Message: \nStacktrace:\n#0 0x55e8bd187fe3 <unknown>\n#1 0x55e8bcec6d36 <unknown>\n#2 0x55e8bcf03c4d <unknown>\n#3 0x55e8bcf03d61 <unknown>\n#4 0x55e8bcf3f6a4 <unknown>\n#5 0x55e8bcf248ed <unknown>\n#6 0x55e8bcf3d232 <unknown>\n#7 0x55e8bcf24693 <unknown>\n#8 0x55e8bcef703a <unknown>\n#9 0x55e8bcef817e <unknown>\n#10 0x55e8bd149dbd <unknown>\n#11 0x55e8bd14dc6c <unknown>\n#12 0x55e8bd1574b0 <unknown>\n#13 0x55e8bd14ed63 <unknown>\n#14 0x55e8bd121c35 <unknown>\n#15 0x55e8bd172138 <unknown>\n#16 0x55e8bd1722c7 <unknown>\n#17 0x55e8bd180093 <unknown>\n#18 0x7f5084fe0b43 <unknown>","statusTrace":"self = <test_conduit.TestConduit object at 0x7ff2622207f0>\n\n    @allure.id('TC01')\n    @allure.title('Az adatkezelési nyilatkozat használata -A tájékoztatás elutasítása-')\n    def test_statement(self):\n        time.sleep(2)\n        assert self.browser.current_url == 'http://localhost:1667/#/'\n>       decline = WebDriverWait(self.browser, 5).until(\n            EC.presence_of_element_located((By.CLASS_NAME, 'cookie__bar__but tons__button--decline')))\n\nVizsgaremek/test/test_conduit.py:43: \n_ _ _ _ _ _ _ _ _ _ _ _ _ _ _ _ _ _ _ _ _ _ _ _ _ _ _ _ _ _ _ _ _ _ _ _ _ _ _ _ \n\nself = <selenium.webdriver.support.wait.WebDriverWait (session=\"8c00d4fd9d637ae4267d2c9fa5df2201\")>\nmethod = <function presence_of_element_located.<locals>._predicate at 0x7ff262b5a3b0>\nmessage = ''\n\n    def until(self, method, message: str = \"\"):\n        \"\"\"Calls the method provided with the driver as an argument until the \\\n        return value does not evaluate to ``False``.\n    \n        :param method: callable(WebDriver)\n        :param message: optional message for :exc:`TimeoutException`\n        :returns: the result of the last call to `method`\n        :raises: :exc:`selenium.common.exceptions.TimeoutException` if timeout occurs\n        \"\"\"\n        screen = None\n        stacktrace = None\n    \n        end_time = time.monotonic() + self._timeout\n        while True:\n            try:\n                value = method(self._driver)\n                if value:\n                    return value\n            except self._ignored_exceptions as exc:\n                screen = getattr(exc, \"screen\", None)\n                stacktrace = getattr(exc, \"stacktrace\", None)\n            time.sleep(self._poll)\n            if time.monotonic() > end_time:\n                break\n>       raise TimeoutException(message, screen, stacktrace)\nE       selenium.common.exceptions.TimeoutException: Message: \nE       Stacktrace:\nE       #0 0x55e8bd187fe3 <unknown>\nE       #1 0x55e8bcec6d36 <unknown>\nE       #2 0x55e8bcf03c4d <unknown>\nE       #3 0x55e8bcf03d61 <unknown>\nE       #4 0x55e8bcf3f6a4 <unknown>\nE       #5 0x55e8bcf248ed <unknown>\nE       #6 0x55e8bcf3d232 <unknown>\nE       #7 0x55e8bcf24693 <unknown>\nE       #8 0x55e8bcef703a <unknown>\nE       #9 0x55e8bcef817e <unknown>\nE       #10 0x55e8bd149dbd <unknown>\nE       #11 0x55e8bd14dc6c <unknown>\nE       #12 0x55e8bd1574b0 <unknown>\nE       #13 0x55e8bd14ed63 <unknown>\nE       #14 0x55e8bd121c35 <unknown>\nE       #15 0x55e8bd172138 <unknown>\nE       #16 0x55e8bd1722c7 <unknown>\nE       #17 0x55e8bd180093 <unknown>\nE       #18 0x7f5084fe0b43 <unknown>\n\n/opt/hostedtoolcache/Python/3.10.11/x64/lib/python3.10/site-packages/selenium/webdriver/support/wait.py:95: TimeoutException","steps":[],"attachments":[{"uid":"db6b1d1285285fe3","name":"stderr","source":"db6b1d1285285fe3.txt","type":"text/plain","size":159}],"parameters":[],"stepsCount":0,"attachmentsCount":1,"shouldDisplayMessage":true,"hasContent":true},"afterStages":[{"name":"_xunit_setup_method_fixture_TestConduit::0","time":{"start":1681659469214,"stop":1681659469279,"duration":65},"status":"passed","steps":[],"attachments":[],"parameters":[],"stepsCount":0,"attachmentsCount":0,"shouldDisplayMessage":false,"hasContent":false}],"labels":[{"name":"as_id","value":"TC01"},{"name":"parentSuite","value":"Vizsgaremek.test"},{"name":"suite","value":"test_conduit"},{"name":"subSuite","value":"TestConduit"},{"name":"host","value":"fv-az176-797"},{"name":"thread","value":"3060-MainThread"},{"name":"framework","value":"pytest"},{"name":"language","value":"cpython3"},{"name":"package","value":"Vizsgaremek.test.test_conduit"},{"name":"resultFormat","value":"allure2"}],"parameters":[],"links":[],"hidden":false,"retry":false,"extra":{"severity":"normal","retries":[],"categories":[{"name":"Test defects","matchedStatuses":[],"flaky":false}],"tags":[]},"source":"d12535a76be33fe3.json","parameterValues":[]}