{"uid":"39c1256a0a9aecf2","name":"Az adatkezelési nyilatkozat használata -A tájékoztatás elutasítása-","fullName":"Vizsgaremek.test.test_conduit.TestConduit#test_statement","historyId":"5841469ac776671abc6eea6b7c040020","time":{"start":1681326495640,"stop":1681326500784,"duration":5144},"status":"broken","statusMessage":"selenium.common.exceptions.TimeoutException: Message: \nStacktrace:\n#0 0x562cd44da243 <unknown>\n#1 0x562cd429e7a6 <unknown>\n#2 0x562cd42db64d <unknown>\n#3 0x562cd42db761 <unknown>\n#4 0x562cd4316da4 <unknown>\n#5 0x562cd42fc0ad <unknown>\n#6 0x562cd4314932 <unknown>\n#7 0x562cd42fbe53 <unknown>\n#8 0x562cd42ce9ea <unknown>\n#9 0x562cd42cfb2e <unknown>\n#10 0x562cd452ed5e <unknown>\n#11 0x562cd4532a80 <unknown>\n#12 0x562cd45148b0 <unknown>\n#13 0x562cd4533b63 <unknown>\n#14 0x562cd4505f75 <unknown>\n#15 0x562cd4556998 <unknown>\n#16 0x562cd4556b27 <unknown>\n#17 0x562cd4571c23 <unknown>\n#18 0x7f6d57b7bb43 <unknown>","statusTrace":"self = <test_conduit.TestConduit object at 0x7f86fff38f70>\n\n    @allure.id('TC01')\n    @allure.title('Az adatkezelési nyilatkozat használata -A tájékoztatás elutasítása-')\n    def test_statement(self):\n>       decline = WebDriverWait(self.browser, 5).until(\n            EC.presence_of_element_located((By.CLASS_NAME, 'cookie__bar__buttons__button--decline')))\n\nVizsgaremek/test/test_conduit.py:39: \n_ _ _ _ _ _ _ _ _ _ _ _ _ _ _ _ _ _ _ _ _ _ _ _ _ _ _ _ _ _ _ _ _ _ _ _ _ _ _ _ \n\nself = <selenium.webdriver.support.wait.WebDriverWait (session=\"a0bb7b5faf70927ef09b7b0f7899786c\")>\nmethod = <function presence_of_element_located.<locals>._predicate at 0x7f870067e170>\nmessage = ''\n\n    def until(self, method, message: str = \"\"):\n        \"\"\"Calls the method provided with the driver as an argument until the \\\n        return value does not evaluate to ``False``.\n    \n        :param method: callable(WebDriver)\n        :param message: optional message for :exc:`TimeoutException`\n        :returns: the result of the last call to `method`\n        :raises: :exc:`selenium.common.exceptions.TimeoutException` if timeout occurs\n        \"\"\"\n        screen = None\n        stacktrace = None\n    \n        end_time = time.monotonic() + self._timeout\n        while True:\n            try:\n                value = method(self._driver)\n                if value:\n                    return value\n            except self._ignored_exceptions as exc:\n                screen = getattr(exc, \"screen\", None)\n                stacktrace = getattr(exc, \"stacktrace\", None)\n            time.sleep(self._poll)\n            if time.monotonic() > end_time:\n                break\n>       raise TimeoutException(message, screen, stacktrace)\nE       selenium.common.exceptions.TimeoutException: Message: \nE       Stacktrace:\nE       #0 0x562cd44da243 <unknown>\nE       #1 0x562cd429e7a6 <unknown>\nE       #2 0x562cd42db64d <unknown>\nE       #3 0x562cd42db761 <unknown>\nE       #4 0x562cd4316da4 <unknown>\nE       #5 0x562cd42fc0ad <unknown>\nE       #6 0x562cd4314932 <unknown>\nE       #7 0x562cd42fbe53 <unknown>\nE       #8 0x562cd42ce9ea <unknown>\nE       #9 0x562cd42cfb2e <unknown>\nE       #10 0x562cd452ed5e <unknown>\nE       #11 0x562cd4532a80 <unknown>\nE       #12 0x562cd45148b0 <unknown>\nE       #13 0x562cd4533b63 <unknown>\nE       #14 0x562cd4505f75 <unknown>\nE       #15 0x562cd4556998 <unknown>\nE       #16 0x562cd4556b27 <unknown>\nE       #17 0x562cd4571c23 <unknown>\nE       #18 0x7f6d57b7bb43 <unknown>\n\n/opt/hostedtoolcache/Python/3.10.10/x64/lib/python3.10/site-packages/selenium/webdriver/support/wait.py:95: TimeoutException","flaky":false,"newFailed":false,"newBroken":false,"newPassed":false,"retriesCount":0,"retriesStatusChange":false,"beforeStages":[{"name":"_xunit_setup_method_fixture_TestConduit","time":{"start":1681326493048,"stop":1681326495639,"duration":2591},"status":"passed","steps":[],"attachments":[],"parameters":[],"stepsCount":0,"attachmentsCount":0,"shouldDisplayMessage":false,"hasContent":false}],"testStage":{"status":"broken","statusMessage":"selenium.common.exceptions.TimeoutException: Message: \nStacktrace:\n#0 0x562cd44da243 <unknown>\n#1 0x562cd429e7a6 <unknown>\n#2 0x562cd42db64d <unknown>\n#3 0x562cd42db761 <unknown>\n#4 0x562cd4316da4 <unknown>\n#5 0x562cd42fc0ad <unknown>\n#6 0x562cd4314932 <unknown>\n#7 0x562cd42fbe53 <unknown>\n#8 0x562cd42ce9ea <unknown>\n#9 0x562cd42cfb2e <unknown>\n#10 0x562cd452ed5e <unknown>\n#11 0x562cd4532a80 <unknown>\n#12 0x562cd45148b0 <unknown>\n#13 0x562cd4533b63 <unknown>\n#14 0x562cd4505f75 <unknown>\n#15 0x562cd4556998 <unknown>\n#16 0x562cd4556b27 <unknown>\n#17 0x562cd4571c23 <unknown>\n#18 0x7f6d57b7bb43 <unknown>","statusTrace":"self = <test_conduit.TestConduit object at 0x7f86fff38f70>\n\n    @allure.id('TC01')\n    @allure.title('Az adatkezelési nyilatkozat használata -A tájékoztatás elutasítása-')\n    def test_statement(self):\n>       decline = WebDriverWait(self.browser, 5).until(\n            EC.presence_of_element_located((By.CLASS_NAME, 'cookie__bar__buttons__button--decline')))\n\nVizsgaremek/test/test_conduit.py:39: \n_ _ _ _ _ _ _ _ _ _ _ _ _ _ _ _ _ _ _ _ _ _ _ _ _ _ _ _ _ _ _ _ _ _ _ _ _ _ _ _ \n\nself = <selenium.webdriver.support.wait.WebDriverWait (session=\"a0bb7b5faf70927ef09b7b0f7899786c\")>\nmethod = <function presence_of_element_located.<locals>._predicate at 0x7f870067e170>\nmessage = ''\n\n    def until(self, method, message: str = \"\"):\n        \"\"\"Calls the method provided with the driver as an argument until the \\\n        return value does not evaluate to ``False``.\n    \n        :param method: callable(WebDriver)\n        :param message: optional message for :exc:`TimeoutException`\n        :returns: the result of the last call to `method`\n        :raises: :exc:`selenium.common.exceptions.TimeoutException` if timeout occurs\n        \"\"\"\n        screen = None\n        stacktrace = None\n    \n        end_time = time.monotonic() + self._timeout\n        while True:\n            try:\n                value = method(self._driver)\n                if value:\n                    return value\n            except self._ignored_exceptions as exc:\n                screen = getattr(exc, \"screen\", None)\n                stacktrace = getattr(exc, \"stacktrace\", None)\n            time.sleep(self._poll)\n            if time.monotonic() > end_time:\n                break\n>       raise TimeoutException(message, screen, stacktrace)\nE       selenium.common.exceptions.TimeoutException: Message: \nE       Stacktrace:\nE       #0 0x562cd44da243 <unknown>\nE       #1 0x562cd429e7a6 <unknown>\nE       #2 0x562cd42db64d <unknown>\nE       #3 0x562cd42db761 <unknown>\nE       #4 0x562cd4316da4 <unknown>\nE       #5 0x562cd42fc0ad <unknown>\nE       #6 0x562cd4314932 <unknown>\nE       #7 0x562cd42fbe53 <unknown>\nE       #8 0x562cd42ce9ea <unknown>\nE       #9 0x562cd42cfb2e <unknown>\nE       #10 0x562cd452ed5e <unknown>\nE       #11 0x562cd4532a80 <unknown>\nE       #12 0x562cd45148b0 <unknown>\nE       #13 0x562cd4533b63 <unknown>\nE       #14 0x562cd4505f75 <unknown>\nE       #15 0x562cd4556998 <unknown>\nE       #16 0x562cd4556b27 <unknown>\nE       #17 0x562cd4571c23 <unknown>\nE       #18 0x7f6d57b7bb43 <unknown>\n\n/opt/hostedtoolcache/Python/3.10.10/x64/lib/python3.10/site-packages/selenium/webdriver/support/wait.py:95: TimeoutException","steps":[],"attachments":[{"uid":"e5cba5d738436207","name":"stderr","source":"e5cba5d738436207.txt","type":"text/plain","size":159}],"parameters":[],"stepsCount":0,"attachmentsCount":1,"shouldDisplayMessage":true,"hasContent":true},"afterStages":[{"name":"_xunit_setup_method_fixture_TestConduit::0","time":{"start":1681326500846,"stop":1681326500902,"duration":56},"status":"passed","steps":[],"attachments":[],"parameters":[],"stepsCount":0,"attachmentsCount":0,"shouldDisplayMessage":false,"hasContent":false}],"labels":[{"name":"as_id","value":"TC01"},{"name":"parentSuite","value":"Vizsgaremek.test"},{"name":"suite","value":"test_conduit"},{"name":"subSuite","value":"TestConduit"},{"name":"host","value":"fv-az507-88"},{"name":"thread","value":"3043-MainThread"},{"name":"framework","value":"pytest"},{"name":"language","value":"cpython3"},{"name":"package","value":"Vizsgaremek.test.test_conduit"},{"name":"resultFormat","value":"allure2"}],"parameters":[],"links":[],"hidden":false,"retry":false,"extra":{"severity":"normal","retries":[],"categories":[{"name":"Test defects","matchedStatuses":[],"flaky":false}],"tags":[]},"source":"39c1256a0a9aecf2.json","parameterValues":[]}