{"uid":"46bb4b9f717f182a","name":"Adatok listázása -TestUser posztjaira szűrve nem jelenik meg másik felhasználó cikke-","fullName":"Vizsgaremek.test.test_conduit.TestConduit#test_data_list","historyId":"889e7637590f6e9e618246be2d4fc7e4","time":{"start":1681326556118,"stop":1681326561617,"duration":5499},"status":"broken","statusMessage":"selenium.common.exceptions.TimeoutException: Message: \nStacktrace:\n#0 0x561e99797243 <unknown>\n#1 0x561e9955b7a6 <unknown>\n#2 0x561e9959864d <unknown>\n#3 0x561e99598761 <unknown>\n#4 0x561e995d3da4 <unknown>\n#5 0x561e995b90ad <unknown>\n#6 0x561e995d1932 <unknown>\n#7 0x561e995b8e53 <unknown>\n#8 0x561e9958b9ea <unknown>\n#9 0x561e9958cb2e <unknown>\n#10 0x561e997ebd5e <unknown>\n#11 0x561e997efa80 <unknown>\n#12 0x561e997d18b0 <unknown>\n#13 0x561e997f0b63 <unknown>\n#14 0x561e997c2f75 <unknown>\n#15 0x561e99813998 <unknown>\n#16 0x561e99813b27 <unknown>\n#17 0x561e9982ec23 <unknown>\n#18 0x7ff2d7346b43 <unknown>","statusTrace":"self = <test_conduit.TestConduit object at 0x7f86fff39c00>\n\n    @allure.id('TC10')\n    @allure.title('Adatok listázása -TestUser posztjaira szűrve nem jelenik meg másik felhasználó cikke-')\n    def test_data_list(self):\n>       self.test_login()\n\nVizsgaremek/test/test_conduit.py:256: \n_ _ _ _ _ _ _ _ _ _ _ _ _ _ _ _ _ _ _ _ _ _ _ _ _ _ _ _ _ _ _ _ _ _ _ _ _ _ _ _ \nVizsgaremek/test/test_conduit.py:93: in test_login\n    profile = WebDriverWait(self.browser, 5).until(\n_ _ _ _ _ _ _ _ _ _ _ _ _ _ _ _ _ _ _ _ _ _ _ _ _ _ _ _ _ _ _ _ _ _ _ _ _ _ _ _ \n\nself = <selenium.webdriver.support.wait.WebDriverWait (session=\"1252249e95888b0c652c790fcabee62c\")>\nmethod = <function presence_of_element_located.<locals>._predicate at 0x7f86fec43c70>\nmessage = ''\n\n    def until(self, method, message: str = \"\"):\n        \"\"\"Calls the method provided with the driver as an argument until the \\\n        return value does not evaluate to ``False``.\n    \n        :param method: callable(WebDriver)\n        :param message: optional message for :exc:`TimeoutException`\n        :returns: the result of the last call to `method`\n        :raises: :exc:`selenium.common.exceptions.TimeoutException` if timeout occurs\n        \"\"\"\n        screen = None\n        stacktrace = None\n    \n        end_time = time.monotonic() + self._timeout\n        while True:\n            try:\n                value = method(self._driver)\n                if value:\n                    return value\n            except self._ignored_exceptions as exc:\n                screen = getattr(exc, \"screen\", None)\n                stacktrace = getattr(exc, \"stacktrace\", None)\n            time.sleep(self._poll)\n            if time.monotonic() > end_time:\n                break\n>       raise TimeoutException(message, screen, stacktrace)\nE       selenium.common.exceptions.TimeoutException: Message: \nE       Stacktrace:\nE       #0 0x561e99797243 <unknown>\nE       #1 0x561e9955b7a6 <unknown>\nE       #2 0x561e9959864d <unknown>\nE       #3 0x561e99598761 <unknown>\nE       #4 0x561e995d3da4 <unknown>\nE       #5 0x561e995b90ad <unknown>\nE       #6 0x561e995d1932 <unknown>\nE       #7 0x561e995b8e53 <unknown>\nE       #8 0x561e9958b9ea <unknown>\nE       #9 0x561e9958cb2e <unknown>\nE       #10 0x561e997ebd5e <unknown>\nE       #11 0x561e997efa80 <unknown>\nE       #12 0x561e997d18b0 <unknown>\nE       #13 0x561e997f0b63 <unknown>\nE       #14 0x561e997c2f75 <unknown>\nE       #15 0x561e99813998 <unknown>\nE       #16 0x561e99813b27 <unknown>\nE       #17 0x561e9982ec23 <unknown>\nE       #18 0x7ff2d7346b43 <unknown>\n\n/opt/hostedtoolcache/Python/3.10.10/x64/lib/python3.10/site-packages/selenium/webdriver/support/wait.py:95: TimeoutException","flaky":false,"newFailed":false,"newBroken":false,"newPassed":false,"retriesCount":0,"retriesStatusChange":false,"beforeStages":[{"name":"_xunit_setup_method_fixture_TestConduit","time":{"start":1681326554678,"stop":1681326556117,"duration":1439},"status":"passed","steps":[],"attachments":[],"parameters":[],"stepsCount":0,"attachmentsCount":0,"shouldDisplayMessage":false,"hasContent":false}],"afterStages":[{"name":"_xunit_setup_method_fixture_TestConduit::0","time":{"start":1681326561637,"stop":1681326561695,"duration":58},"status":"passed","steps":[],"attachments":[],"parameters":[],"stepsCount":0,"attachmentsCount":0,"shouldDisplayMessage":false,"hasContent":false}],"labels":[{"name":"as_id","value":"TC10"},{"name":"parentSuite","value":"Vizsgaremek.test"},{"name":"suite","value":"test_conduit"},{"name":"subSuite","value":"TestConduit"},{"name":"host","value":"fv-az507-88"},{"name":"thread","value":"3043-MainThread"},{"name":"framework","value":"pytest"},{"name":"language","value":"cpython3"},{"name":"package","value":"Vizsgaremek.test.test_conduit"},{"name":"resultFormat","value":"allure2"}],"parameters":[],"links":[],"hidden":false,"retry":false,"extra":{"severity":"normal","retries":[],"categories":[{"name":"Test defects","matchedStatuses":[],"flaky":false}],"tags":[]},"source":"46bb4b9f717f182a.json","parameterValues":[]}