{"uid":"4d94e8c444792597","name":"Meglévő adat módosítása -Korábbi poszt módosítása-","fullName":"Vizsgaremek.test.test_conduit.TestConduit#test_edit_post","historyId":"9ee8a23be8e43912fb98419b15e7b78f","time":{"start":1681326521066,"stop":1681326526567,"duration":5501},"status":"broken","statusMessage":"selenium.common.exceptions.TimeoutException: Message: \nStacktrace:\n#0 0x555bcf355243 <unknown>\n#1 0x555bcf1197a6 <unknown>\n#2 0x555bcf15664d <unknown>\n#3 0x555bcf156761 <unknown>\n#4 0x555bcf191da4 <unknown>\n#5 0x555bcf1770ad <unknown>\n#6 0x555bcf18f932 <unknown>\n#7 0x555bcf176e53 <unknown>\n#8 0x555bcf1499ea <unknown>\n#9 0x555bcf14ab2e <unknown>\n#10 0x555bcf3a9d5e <unknown>\n#11 0x555bcf3ada80 <unknown>\n#12 0x555bcf38f8b0 <unknown>\n#13 0x555bcf3aeb63 <unknown>\n#14 0x555bcf380f75 <unknown>\n#15 0x555bcf3d1998 <unknown>\n#16 0x555bcf3d1b27 <unknown>\n#17 0x555bcf3ecc23 <unknown>\n#18 0x7fa357870b43 <unknown>","statusTrace":"self = <test_conduit.TestConduit object at 0x7f86fff39450>\n\n    @allure.id('TC05')\n    @allure.title('Meglévő adat módosítása -Korábbi poszt módosítása-')\n    def test_edit_post(self):\n>       self.test_login()\n\nVizsgaremek/test/test_conduit.py:132: \n_ _ _ _ _ _ _ _ _ _ _ _ _ _ _ _ _ _ _ _ _ _ _ _ _ _ _ _ _ _ _ _ _ _ _ _ _ _ _ _ \nVizsgaremek/test/test_conduit.py:93: in test_login\n    profile = WebDriverWait(self.browser, 5).until(\n_ _ _ _ _ _ _ _ _ _ _ _ _ _ _ _ _ _ _ _ _ _ _ _ _ _ _ _ _ _ _ _ _ _ _ _ _ _ _ _ \n\nself = <selenium.webdriver.support.wait.WebDriverWait (session=\"012f4b8140b6e3aad9a439588ad3d214\")>\nmethod = <function presence_of_element_located.<locals>._predicate at 0x7f86fec42b00>\nmessage = ''\n\n    def until(self, method, message: str = \"\"):\n        \"\"\"Calls the method provided with the driver as an argument until the \\\n        return value does not evaluate to ``False``.\n    \n        :param method: callable(WebDriver)\n        :param message: optional message for :exc:`TimeoutException`\n        :returns: the result of the last call to `method`\n        :raises: :exc:`selenium.common.exceptions.TimeoutException` if timeout occurs\n        \"\"\"\n        screen = None\n        stacktrace = None\n    \n        end_time = time.monotonic() + self._timeout\n        while True:\n            try:\n                value = method(self._driver)\n                if value:\n                    return value\n            except self._ignored_exceptions as exc:\n                screen = getattr(exc, \"screen\", None)\n                stacktrace = getattr(exc, \"stacktrace\", None)\n            time.sleep(self._poll)\n            if time.monotonic() > end_time:\n                break\n>       raise TimeoutException(message, screen, stacktrace)\nE       selenium.common.exceptions.TimeoutException: Message: \nE       Stacktrace:\nE       #0 0x555bcf355243 <unknown>\nE       #1 0x555bcf1197a6 <unknown>\nE       #2 0x555bcf15664d <unknown>\nE       #3 0x555bcf156761 <unknown>\nE       #4 0x555bcf191da4 <unknown>\nE       #5 0x555bcf1770ad <unknown>\nE       #6 0x555bcf18f932 <unknown>\nE       #7 0x555bcf176e53 <unknown>\nE       #8 0x555bcf1499ea <unknown>\nE       #9 0x555bcf14ab2e <unknown>\nE       #10 0x555bcf3a9d5e <unknown>\nE       #11 0x555bcf3ada80 <unknown>\nE       #12 0x555bcf38f8b0 <unknown>\nE       #13 0x555bcf3aeb63 <unknown>\nE       #14 0x555bcf380f75 <unknown>\nE       #15 0x555bcf3d1998 <unknown>\nE       #16 0x555bcf3d1b27 <unknown>\nE       #17 0x555bcf3ecc23 <unknown>\nE       #18 0x7fa357870b43 <unknown>\n\n/opt/hostedtoolcache/Python/3.10.10/x64/lib/python3.10/site-packages/selenium/webdriver/support/wait.py:95: TimeoutException","flaky":false,"newFailed":false,"newBroken":false,"newPassed":false,"retriesCount":0,"retriesStatusChange":false,"beforeStages":[{"name":"_xunit_setup_method_fixture_TestConduit","time":{"start":1681326519667,"stop":1681326521065,"duration":1398},"status":"passed","steps":[],"attachments":[],"parameters":[],"stepsCount":0,"attachmentsCount":0,"shouldDisplayMessage":false,"hasContent":false}],"afterStages":[{"name":"_xunit_setup_method_fixture_TestConduit::0","time":{"start":1681326526586,"stop":1681326526646,"duration":60},"status":"passed","steps":[],"attachments":[],"parameters":[],"stepsCount":0,"attachmentsCount":0,"shouldDisplayMessage":false,"hasContent":false}],"labels":[{"name":"as_id","value":"TC05"},{"name":"parentSuite","value":"Vizsgaremek.test"},{"name":"suite","value":"test_conduit"},{"name":"subSuite","value":"TestConduit"},{"name":"host","value":"fv-az507-88"},{"name":"thread","value":"3043-MainThread"},{"name":"framework","value":"pytest"},{"name":"language","value":"cpython3"},{"name":"package","value":"Vizsgaremek.test.test_conduit"},{"name":"resultFormat","value":"allure2"}],"parameters":[],"links":[],"hidden":false,"retry":false,"extra":{"severity":"normal","retries":[],"categories":[{"name":"Test defects","matchedStatuses":[],"flaky":false}],"tags":[]},"source":"4d94e8c444792597.json","parameterValues":[]}