{"uid":"55b7ce97e8e4fb7f","name":"Új adat bevitele -Új poszt készítése-","fullName":"Vizsgaremek.test.test_conduit.TestConduit#test_new_post","historyId":"d02c385235b839352c5a567a4fc6ab6e","time":{"start":1681326514069,"stop":1681326519584,"duration":5515},"status":"broken","statusMessage":"selenium.common.exceptions.TimeoutException: Message: \nStacktrace:\n#0 0x560d4f295243 <unknown>\n#1 0x560d4f0597a6 <unknown>\n#2 0x560d4f09664d <unknown>\n#3 0x560d4f096761 <unknown>\n#4 0x560d4f0d1da4 <unknown>\n#5 0x560d4f0b70ad <unknown>\n#6 0x560d4f0cf932 <unknown>\n#7 0x560d4f0b6e53 <unknown>\n#8 0x560d4f0899ea <unknown>\n#9 0x560d4f08ab2e <unknown>\n#10 0x560d4f2e9d5e <unknown>\n#11 0x560d4f2eda80 <unknown>\n#12 0x560d4f2cf8b0 <unknown>\n#13 0x560d4f2eeb63 <unknown>\n#14 0x560d4f2c0f75 <unknown>\n#15 0x560d4f311998 <unknown>\n#16 0x560d4f311b27 <unknown>\n#17 0x560d4f32cc23 <unknown>\n#18 0x7fbad3d38b43 <unknown>","statusTrace":"self = <test_conduit.TestConduit object at 0x7f86fff392d0>\n\n    @allure.id('TC04')\n    @allure.title('Új adat bevitele -Új poszt készítése-')\n    def test_new_post(self):\n>       self.test_login()\n\nVizsgaremek/test/test_conduit.py:100: \n_ _ _ _ _ _ _ _ _ _ _ _ _ _ _ _ _ _ _ _ _ _ _ _ _ _ _ _ _ _ _ _ _ _ _ _ _ _ _ _ \nVizsgaremek/test/test_conduit.py:93: in test_login\n    profile = WebDriverWait(self.browser, 5).until(\n_ _ _ _ _ _ _ _ _ _ _ _ _ _ _ _ _ _ _ _ _ _ _ _ _ _ _ _ _ _ _ _ _ _ _ _ _ _ _ _ \n\nself = <selenium.webdriver.support.wait.WebDriverWait (session=\"e0b43c7d69810d156eec8aac3640bb41\")>\nmethod = <function presence_of_element_located.<locals>._predicate at 0x7f86fec42f80>\nmessage = ''\n\n    def until(self, method, message: str = \"\"):\n        \"\"\"Calls the method provided with the driver as an argument until the \\\n        return value does not evaluate to ``False``.\n    \n        :param method: callable(WebDriver)\n        :param message: optional message for :exc:`TimeoutException`\n        :returns: the result of the last call to `method`\n        :raises: :exc:`selenium.common.exceptions.TimeoutException` if timeout occurs\n        \"\"\"\n        screen = None\n        stacktrace = None\n    \n        end_time = time.monotonic() + self._timeout\n        while True:\n            try:\n                value = method(self._driver)\n                if value:\n                    return value\n            except self._ignored_exceptions as exc:\n                screen = getattr(exc, \"screen\", None)\n                stacktrace = getattr(exc, \"stacktrace\", None)\n            time.sleep(self._poll)\n            if time.monotonic() > end_time:\n                break\n>       raise TimeoutException(message, screen, stacktrace)\nE       selenium.common.exceptions.TimeoutException: Message: \nE       Stacktrace:\nE       #0 0x560d4f295243 <unknown>\nE       #1 0x560d4f0597a6 <unknown>\nE       #2 0x560d4f09664d <unknown>\nE       #3 0x560d4f096761 <unknown>\nE       #4 0x560d4f0d1da4 <unknown>\nE       #5 0x560d4f0b70ad <unknown>\nE       #6 0x560d4f0cf932 <unknown>\nE       #7 0x560d4f0b6e53 <unknown>\nE       #8 0x560d4f0899ea <unknown>\nE       #9 0x560d4f08ab2e <unknown>\nE       #10 0x560d4f2e9d5e <unknown>\nE       #11 0x560d4f2eda80 <unknown>\nE       #12 0x560d4f2cf8b0 <unknown>\nE       #13 0x560d4f2eeb63 <unknown>\nE       #14 0x560d4f2c0f75 <unknown>\nE       #15 0x560d4f311998 <unknown>\nE       #16 0x560d4f311b27 <unknown>\nE       #17 0x560d4f32cc23 <unknown>\nE       #18 0x7fbad3d38b43 <unknown>\n\n/opt/hostedtoolcache/Python/3.10.10/x64/lib/python3.10/site-packages/selenium/webdriver/support/wait.py:95: TimeoutException","flaky":false,"newFailed":false,"newBroken":false,"newPassed":false,"retriesCount":0,"retriesStatusChange":false,"beforeStages":[{"name":"_xunit_setup_method_fixture_TestConduit","time":{"start":1681326512639,"stop":1681326514068,"duration":1429},"status":"passed","steps":[],"attachments":[],"parameters":[],"stepsCount":0,"attachmentsCount":0,"shouldDisplayMessage":false,"hasContent":false}],"afterStages":[{"name":"_xunit_setup_method_fixture_TestConduit::0","time":{"start":1681326519607,"stop":1681326519664,"duration":57},"status":"passed","steps":[],"attachments":[],"parameters":[],"stepsCount":0,"attachmentsCount":0,"shouldDisplayMessage":false,"hasContent":false}],"labels":[{"name":"as_id","value":"TC04"},{"name":"parentSuite","value":"Vizsgaremek.test"},{"name":"suite","value":"test_conduit"},{"name":"subSuite","value":"TestConduit"},{"name":"host","value":"fv-az507-88"},{"name":"thread","value":"3043-MainThread"},{"name":"framework","value":"pytest"},{"name":"language","value":"cpython3"},{"name":"package","value":"Vizsgaremek.test.test_conduit"},{"name":"resultFormat","value":"allure2"}],"parameters":[],"links":[],"hidden":false,"retry":false,"extra":{"severity":"normal","retries":[],"categories":[{"name":"Test defects","matchedStatuses":[],"flaky":false}],"tags":[]},"source":"55b7ce97e8e4fb7f.json","parameterValues":[]}