{"uid":"85aaa870eb3fd644","name":"Adatok lementése felületről -TestUser által létrehozott címek txt-be mentve-","fullName":"Vizsgaremek.test.test_conduit.TestConduit#test_data_save_txt","historyId":"e2312d4db0061344d455d9fa225b4635","time":{"start":1681326549130,"stop":1681326554599,"duration":5469},"status":"broken","statusMessage":"selenium.common.exceptions.TimeoutException: Message: \nStacktrace:\n#0 0x557ce6b8c243 <unknown>\n#1 0x557ce69507a6 <unknown>\n#2 0x557ce698d64d <unknown>\n#3 0x557ce698d761 <unknown>\n#4 0x557ce69c8da4 <unknown>\n#5 0x557ce69ae0ad <unknown>\n#6 0x557ce69c6932 <unknown>\n#7 0x557ce69ade53 <unknown>\n#8 0x557ce69809ea <unknown>\n#9 0x557ce6981b2e <unknown>\n#10 0x557ce6be0d5e <unknown>\n#11 0x557ce6be4a80 <unknown>\n#12 0x557ce6bc68b0 <unknown>\n#13 0x557ce6be5b63 <unknown>\n#14 0x557ce6bb7f75 <unknown>\n#15 0x557ce6c08998 <unknown>\n#16 0x557ce6c08b27 <unknown>\n#17 0x557ce6c23c23 <unknown>\n#18 0x7efcb0d38b43 <unknown>","statusTrace":"self = <test_conduit.TestConduit object at 0x7f86fff39a80>\n\n    @allure.id('TC09')\n    @allure.title('Adatok lementése felületről -TestUser által létrehozott címek txt-be mentve-')\n    def test_data_save_txt(self):\n        # TC9 Adatok lementése felületről -TestUser által létrehozott címek txt-be mentve-\n>       self.test_login()\n\nVizsgaremek/test/test_conduit.py:236: \n_ _ _ _ _ _ _ _ _ _ _ _ _ _ _ _ _ _ _ _ _ _ _ _ _ _ _ _ _ _ _ _ _ _ _ _ _ _ _ _ \nVizsgaremek/test/test_conduit.py:93: in test_login\n    profile = WebDriverWait(self.browser, 5).until(\n_ _ _ _ _ _ _ _ _ _ _ _ _ _ _ _ _ _ _ _ _ _ _ _ _ _ _ _ _ _ _ _ _ _ _ _ _ _ _ _ \n\nself = <selenium.webdriver.support.wait.WebDriverWait (session=\"80a64837172efc3f7b5c05ff83068387\")>\nmethod = <function presence_of_element_located.<locals>._predicate at 0x7f86fec8c280>\nmessage = ''\n\n    def until(self, method, message: str = \"\"):\n        \"\"\"Calls the method provided with the driver as an argument until the \\\n        return value does not evaluate to ``False``.\n    \n        :param method: callable(WebDriver)\n        :param message: optional message for :exc:`TimeoutException`\n        :returns: the result of the last call to `method`\n        :raises: :exc:`selenium.common.exceptions.TimeoutException` if timeout occurs\n        \"\"\"\n        screen = None\n        stacktrace = None\n    \n        end_time = time.monotonic() + self._timeout\n        while True:\n            try:\n                value = method(self._driver)\n                if value:\n                    return value\n            except self._ignored_exceptions as exc:\n                screen = getattr(exc, \"screen\", None)\n                stacktrace = getattr(exc, \"stacktrace\", None)\n            time.sleep(self._poll)\n            if time.monotonic() > end_time:\n                break\n>       raise TimeoutException(message, screen, stacktrace)\nE       selenium.common.exceptions.TimeoutException: Message: \nE       Stacktrace:\nE       #0 0x557ce6b8c243 <unknown>\nE       #1 0x557ce69507a6 <unknown>\nE       #2 0x557ce698d64d <unknown>\nE       #3 0x557ce698d761 <unknown>\nE       #4 0x557ce69c8da4 <unknown>\nE       #5 0x557ce69ae0ad <unknown>\nE       #6 0x557ce69c6932 <unknown>\nE       #7 0x557ce69ade53 <unknown>\nE       #8 0x557ce69809ea <unknown>\nE       #9 0x557ce6981b2e <unknown>\nE       #10 0x557ce6be0d5e <unknown>\nE       #11 0x557ce6be4a80 <unknown>\nE       #12 0x557ce6bc68b0 <unknown>\nE       #13 0x557ce6be5b63 <unknown>\nE       #14 0x557ce6bb7f75 <unknown>\nE       #15 0x557ce6c08998 <unknown>\nE       #16 0x557ce6c08b27 <unknown>\nE       #17 0x557ce6c23c23 <unknown>\nE       #18 0x7efcb0d38b43 <unknown>\n\n/opt/hostedtoolcache/Python/3.10.10/x64/lib/python3.10/site-packages/selenium/webdriver/support/wait.py:95: TimeoutException","flaky":false,"newFailed":false,"newBroken":false,"newPassed":false,"retriesCount":0,"retriesStatusChange":false,"beforeStages":[{"name":"_xunit_setup_method_fixture_TestConduit","time":{"start":1681326547705,"stop":1681326549129,"duration":1424},"status":"passed","steps":[],"attachments":[],"parameters":[],"stepsCount":0,"attachmentsCount":0,"shouldDisplayMessage":false,"hasContent":false}],"afterStages":[{"name":"_xunit_setup_method_fixture_TestConduit::0","time":{"start":1681326554618,"stop":1681326554675,"duration":57},"status":"passed","steps":[],"attachments":[],"parameters":[],"stepsCount":0,"attachmentsCount":0,"shouldDisplayMessage":false,"hasContent":false}],"labels":[{"name":"as_id","value":"TC09"},{"name":"parentSuite","value":"Vizsgaremek.test"},{"name":"suite","value":"test_conduit"},{"name":"subSuite","value":"TestConduit"},{"name":"host","value":"fv-az507-88"},{"name":"thread","value":"3043-MainThread"},{"name":"framework","value":"pytest"},{"name":"language","value":"cpython3"},{"name":"package","value":"Vizsgaremek.test.test_conduit"},{"name":"resultFormat","value":"allure2"}],"parameters":[],"links":[],"hidden":false,"retry":false,"extra":{"severity":"normal","retries":[],"categories":[{"name":"Test defects","matchedStatuses":[],"flaky":false}],"tags":[]},"source":"85aaa870eb3fd644.json","parameterValues":[]}