{"uid":"883faf5644b50de","name":"Meglévő adat törlése -Korábbi poszt törlése-","fullName":"Vizsgaremek.test.test_conduit.TestConduit#test_delete_post","historyId":"08ef9c75fa068e3cfcee888c40af67d4","time":{"start":1681326528099,"stop":1681326533592,"duration":5493},"status":"broken","statusMessage":"selenium.common.exceptions.TimeoutException: Message: \nStacktrace:\n#0 0x56088b904243 <unknown>\n#1 0x56088b6c87a6 <unknown>\n#2 0x56088b70564d <unknown>\n#3 0x56088b705761 <unknown>\n#4 0x56088b740da4 <unknown>\n#5 0x56088b7260ad <unknown>\n#6 0x56088b73e932 <unknown>\n#7 0x56088b725e53 <unknown>\n#8 0x56088b6f89ea <unknown>\n#9 0x56088b6f9b2e <unknown>\n#10 0x56088b958d5e <unknown>\n#11 0x56088b95ca80 <unknown>\n#12 0x56088b93e8b0 <unknown>\n#13 0x56088b95db63 <unknown>\n#14 0x56088b92ff75 <unknown>\n#15 0x56088b980998 <unknown>\n#16 0x56088b980b27 <unknown>\n#17 0x56088b99bc23 <unknown>\n#18 0x7f17578a5b43 <unknown>","statusTrace":"self = <test_conduit.TestConduit object at 0x7f86fff396f0>\n\n    @allure.id('TC06')\n    @allure.title('Meglévő adat törlése -Korábbi poszt törlése-')\n    def test_delete_post(self):\n>       self.test_login()\n\nVizsgaremek/test/test_conduit.py:168: \n_ _ _ _ _ _ _ _ _ _ _ _ _ _ _ _ _ _ _ _ _ _ _ _ _ _ _ _ _ _ _ _ _ _ _ _ _ _ _ _ \nVizsgaremek/test/test_conduit.py:93: in test_login\n    profile = WebDriverWait(self.browser, 5).until(\n_ _ _ _ _ _ _ _ _ _ _ _ _ _ _ _ _ _ _ _ _ _ _ _ _ _ _ _ _ _ _ _ _ _ _ _ _ _ _ _ \n\nself = <selenium.webdriver.support.wait.WebDriverWait (session=\"b553ba25d21769b4aadd64be64c40603\")>\nmethod = <function presence_of_element_located.<locals>._predicate at 0x7f86fec41900>\nmessage = ''\n\n    def until(self, method, message: str = \"\"):\n        \"\"\"Calls the method provided with the driver as an argument until the \\\n        return value does not evaluate to ``False``.\n    \n        :param method: callable(WebDriver)\n        :param message: optional message for :exc:`TimeoutException`\n        :returns: the result of the last call to `method`\n        :raises: :exc:`selenium.common.exceptions.TimeoutException` if timeout occurs\n        \"\"\"\n        screen = None\n        stacktrace = None\n    \n        end_time = time.monotonic() + self._timeout\n        while True:\n            try:\n                value = method(self._driver)\n                if value:\n                    return value\n            except self._ignored_exceptions as exc:\n                screen = getattr(exc, \"screen\", None)\n                stacktrace = getattr(exc, \"stacktrace\", None)\n            time.sleep(self._poll)\n            if time.monotonic() > end_time:\n                break\n>       raise TimeoutException(message, screen, stacktrace)\nE       selenium.common.exceptions.TimeoutException: Message: \nE       Stacktrace:\nE       #0 0x56088b904243 <unknown>\nE       #1 0x56088b6c87a6 <unknown>\nE       #2 0x56088b70564d <unknown>\nE       #3 0x56088b705761 <unknown>\nE       #4 0x56088b740da4 <unknown>\nE       #5 0x56088b7260ad <unknown>\nE       #6 0x56088b73e932 <unknown>\nE       #7 0x56088b725e53 <unknown>\nE       #8 0x56088b6f89ea <unknown>\nE       #9 0x56088b6f9b2e <unknown>\nE       #10 0x56088b958d5e <unknown>\nE       #11 0x56088b95ca80 <unknown>\nE       #12 0x56088b93e8b0 <unknown>\nE       #13 0x56088b95db63 <unknown>\nE       #14 0x56088b92ff75 <unknown>\nE       #15 0x56088b980998 <unknown>\nE       #16 0x56088b980b27 <unknown>\nE       #17 0x56088b99bc23 <unknown>\nE       #18 0x7f17578a5b43 <unknown>\n\n/opt/hostedtoolcache/Python/3.10.10/x64/lib/python3.10/site-packages/selenium/webdriver/support/wait.py:95: TimeoutException","flaky":false,"newFailed":false,"newBroken":false,"newPassed":false,"retriesCount":0,"retriesStatusChange":false,"beforeStages":[{"name":"_xunit_setup_method_fixture_TestConduit","time":{"start":1681326526648,"stop":1681326528098,"duration":1450},"status":"passed","steps":[],"attachments":[],"parameters":[],"stepsCount":0,"attachmentsCount":0,"shouldDisplayMessage":false,"hasContent":false}],"afterStages":[{"name":"_xunit_setup_method_fixture_TestConduit::0","time":{"start":1681326533612,"stop":1681326533669,"duration":57},"status":"passed","steps":[],"attachments":[],"parameters":[],"stepsCount":0,"attachmentsCount":0,"shouldDisplayMessage":false,"hasContent":false}],"labels":[{"name":"as_id","value":"TC06"},{"name":"parentSuite","value":"Vizsgaremek.test"},{"name":"suite","value":"test_conduit"},{"name":"subSuite","value":"TestConduit"},{"name":"host","value":"fv-az507-88"},{"name":"thread","value":"3043-MainThread"},{"name":"framework","value":"pytest"},{"name":"language","value":"cpython3"},{"name":"package","value":"Vizsgaremek.test.test_conduit"},{"name":"resultFormat","value":"allure2"}],"parameters":[],"links":[],"hidden":false,"retry":false,"extra":{"severity":"normal","retries":[],"categories":[{"name":"Test defects","matchedStatuses":[],"flaky":false}],"tags":[]},"source":"883faf5644b50de.json","parameterValues":[]}