{"uid":"d31f2687d8ba1ca9","name":"Kijelentkezés -TestUser kilép-","fullName":"Vizsgaremek.test.test_conduit.TestConduit#test_log_out","historyId":"b6c3cd65a0d357e04aff43145b4d0cfd","time":{"start":1681326563122,"stop":1681326568606,"duration":5484},"status":"broken","statusMessage":"selenium.common.exceptions.TimeoutException: Message: \nStacktrace:\n#0 0x56132eac2243 <unknown>\n#1 0x56132e8867a6 <unknown>\n#2 0x56132e8c364d <unknown>\n#3 0x56132e8c3761 <unknown>\n#4 0x56132e8feda4 <unknown>\n#5 0x56132e8e40ad <unknown>\n#6 0x56132e8fc932 <unknown>\n#7 0x56132e8e3e53 <unknown>\n#8 0x56132e8b69ea <unknown>\n#9 0x56132e8b7b2e <unknown>\n#10 0x56132eb16d5e <unknown>\n#11 0x56132eb1aa80 <unknown>\n#12 0x56132eafc8b0 <unknown>\n#13 0x56132eb1bb63 <unknown>\n#14 0x56132eaedf75 <unknown>\n#15 0x56132eb3e998 <unknown>\n#16 0x56132eb3eb27 <unknown>\n#17 0x56132eb59c23 <unknown>\n#18 0x7f918caceb43 <unknown>","statusTrace":"self = <test_conduit.TestConduit object at 0x7f86fff39d20>\n\n    @allure.id('TC11')\n    @allure.title('Kijelentkezés -TestUser kilép-')\n    def test_log_out(self):\n>       self.test_login()\n\nVizsgaremek/test/test_conduit.py:272: \n_ _ _ _ _ _ _ _ _ _ _ _ _ _ _ _ _ _ _ _ _ _ _ _ _ _ _ _ _ _ _ _ _ _ _ _ _ _ _ _ \nVizsgaremek/test/test_conduit.py:93: in test_login\n    profile = WebDriverWait(self.browser, 5).until(\n_ _ _ _ _ _ _ _ _ _ _ _ _ _ _ _ _ _ _ _ _ _ _ _ _ _ _ _ _ _ _ _ _ _ _ _ _ _ _ _ \n\nself = <selenium.webdriver.support.wait.WebDriverWait (session=\"993c175a8ac4645b5146e5997515b44b\")>\nmethod = <function presence_of_element_located.<locals>._predicate at 0x7f86fec8c8b0>\nmessage = ''\n\n    def until(self, method, message: str = \"\"):\n        \"\"\"Calls the method provided with the driver as an argument until the \\\n        return value does not evaluate to ``False``.\n    \n        :param method: callable(WebDriver)\n        :param message: optional message for :exc:`TimeoutException`\n        :returns: the result of the last call to `method`\n        :raises: :exc:`selenium.common.exceptions.TimeoutException` if timeout occurs\n        \"\"\"\n        screen = None\n        stacktrace = None\n    \n        end_time = time.monotonic() + self._timeout\n        while True:\n            try:\n                value = method(self._driver)\n                if value:\n                    return value\n            except self._ignored_exceptions as exc:\n                screen = getattr(exc, \"screen\", None)\n                stacktrace = getattr(exc, \"stacktrace\", None)\n            time.sleep(self._poll)\n            if time.monotonic() > end_time:\n                break\n>       raise TimeoutException(message, screen, stacktrace)\nE       selenium.common.exceptions.TimeoutException: Message: \nE       Stacktrace:\nE       #0 0x56132eac2243 <unknown>\nE       #1 0x56132e8867a6 <unknown>\nE       #2 0x56132e8c364d <unknown>\nE       #3 0x56132e8c3761 <unknown>\nE       #4 0x56132e8feda4 <unknown>\nE       #5 0x56132e8e40ad <unknown>\nE       #6 0x56132e8fc932 <unknown>\nE       #7 0x56132e8e3e53 <unknown>\nE       #8 0x56132e8b69ea <unknown>\nE       #9 0x56132e8b7b2e <unknown>\nE       #10 0x56132eb16d5e <unknown>\nE       #11 0x56132eb1aa80 <unknown>\nE       #12 0x56132eafc8b0 <unknown>\nE       #13 0x56132eb1bb63 <unknown>\nE       #14 0x56132eaedf75 <unknown>\nE       #15 0x56132eb3e998 <unknown>\nE       #16 0x56132eb3eb27 <unknown>\nE       #17 0x56132eb59c23 <unknown>\nE       #18 0x7f918caceb43 <unknown>\n\n/opt/hostedtoolcache/Python/3.10.10/x64/lib/python3.10/site-packages/selenium/webdriver/support/wait.py:95: TimeoutException","flaky":false,"newFailed":false,"newBroken":false,"newPassed":false,"retriesCount":0,"retriesStatusChange":false,"beforeStages":[{"name":"_xunit_setup_method_fixture_TestConduit","time":{"start":1681326561697,"stop":1681326563121,"duration":1424},"status":"passed","steps":[],"attachments":[],"parameters":[],"stepsCount":0,"attachmentsCount":0,"shouldDisplayMessage":false,"hasContent":false}],"afterStages":[{"name":"_xunit_setup_method_fixture_TestConduit::0","time":{"start":1681326568622,"stop":1681326568679,"duration":57},"status":"passed","steps":[],"attachments":[],"parameters":[],"stepsCount":0,"attachmentsCount":0,"shouldDisplayMessage":false,"hasContent":false}],"labels":[{"name":"as_id","value":"TC11"},{"name":"parentSuite","value":"Vizsgaremek.test"},{"name":"suite","value":"test_conduit"},{"name":"subSuite","value":"TestConduit"},{"name":"host","value":"fv-az507-88"},{"name":"thread","value":"3043-MainThread"},{"name":"framework","value":"pytest"},{"name":"language","value":"cpython3"},{"name":"package","value":"Vizsgaremek.test.test_conduit"},{"name":"resultFormat","value":"allure2"}],"parameters":[],"links":[],"hidden":false,"retry":false,"extra":{"severity":"normal","retries":[],"categories":[{"name":"Test defects","matchedStatuses":[],"flaky":false}],"tags":[]},"source":"d31f2687d8ba1ca9.json","parameterValues":[]}