{"uid":"e5c2ccba537a8a41","name":"Ismételt és sorozatos adatbevitel adatforrásból -Új posztok létrehozása-","fullName":"Vizsgaremek.test.test_conduit.TestConduit#test_data_source","historyId":"6cbe30af8b507aba3015855cca0c0e7e","time":{"start":1681326535083,"stop":1681326540593,"duration":5510},"status":"broken","statusMessage":"selenium.common.exceptions.TimeoutException: Message: \nStacktrace:\n#0 0x55cb51d3e243 <unknown>\n#1 0x55cb51b027a6 <unknown>\n#2 0x55cb51b3f64d <unknown>\n#3 0x55cb51b3f761 <unknown>\n#4 0x55cb51b7ada4 <unknown>\n#5 0x55cb51b600ad <unknown>\n#6 0x55cb51b78932 <unknown>\n#7 0x55cb51b5fe53 <unknown>\n#8 0x55cb51b329ea <unknown>\n#9 0x55cb51b33b2e <unknown>\n#10 0x55cb51d92d5e <unknown>\n#11 0x55cb51d96a80 <unknown>\n#12 0x55cb51d788b0 <unknown>\n#13 0x55cb51d97b63 <unknown>\n#14 0x55cb51d69f75 <unknown>\n#15 0x55cb51dba998 <unknown>\n#16 0x55cb51dbab27 <unknown>\n#17 0x55cb51dd5c23 <unknown>\n#18 0x7f8c82365b43 <unknown>","statusTrace":"self = <test_conduit.TestConduit object at 0x7f86fff397b0>\n\n    @allure.id('TC07')\n    @allure.title('Ismételt és sorozatos adatbevitel adatforrásból -Új posztok létrehozása-')\n    def test_data_source(self):\n>       self.test_login()\n\nVizsgaremek/test/test_conduit.py:189: \n_ _ _ _ _ _ _ _ _ _ _ _ _ _ _ _ _ _ _ _ _ _ _ _ _ _ _ _ _ _ _ _ _ _ _ _ _ _ _ _ \nVizsgaremek/test/test_conduit.py:93: in test_login\n    profile = WebDriverWait(self.browser, 5).until(\n_ _ _ _ _ _ _ _ _ _ _ _ _ _ _ _ _ _ _ _ _ _ _ _ _ _ _ _ _ _ _ _ _ _ _ _ _ _ _ _ \n\nself = <selenium.webdriver.support.wait.WebDriverWait (session=\"e14b38e3a052f5ebe224f949ae9aed1d\")>\nmethod = <function presence_of_element_located.<locals>._predicate at 0x7f86fec42cb0>\nmessage = ''\n\n    def until(self, method, message: str = \"\"):\n        \"\"\"Calls the method provided with the driver as an argument until the \\\n        return value does not evaluate to ``False``.\n    \n        :param method: callable(WebDriver)\n        :param message: optional message for :exc:`TimeoutException`\n        :returns: the result of the last call to `method`\n        :raises: :exc:`selenium.common.exceptions.TimeoutException` if timeout occurs\n        \"\"\"\n        screen = None\n        stacktrace = None\n    \n        end_time = time.monotonic() + self._timeout\n        while True:\n            try:\n                value = method(self._driver)\n                if value:\n                    return value\n            except self._ignored_exceptions as exc:\n                screen = getattr(exc, \"screen\", None)\n                stacktrace = getattr(exc, \"stacktrace\", None)\n            time.sleep(self._poll)\n            if time.monotonic() > end_time:\n                break\n>       raise TimeoutException(message, screen, stacktrace)\nE       selenium.common.exceptions.TimeoutException: Message: \nE       Stacktrace:\nE       #0 0x55cb51d3e243 <unknown>\nE       #1 0x55cb51b027a6 <unknown>\nE       #2 0x55cb51b3f64d <unknown>\nE       #3 0x55cb51b3f761 <unknown>\nE       #4 0x55cb51b7ada4 <unknown>\nE       #5 0x55cb51b600ad <unknown>\nE       #6 0x55cb51b78932 <unknown>\nE       #7 0x55cb51b5fe53 <unknown>\nE       #8 0x55cb51b329ea <unknown>\nE       #9 0x55cb51b33b2e <unknown>\nE       #10 0x55cb51d92d5e <unknown>\nE       #11 0x55cb51d96a80 <unknown>\nE       #12 0x55cb51d788b0 <unknown>\nE       #13 0x55cb51d97b63 <unknown>\nE       #14 0x55cb51d69f75 <unknown>\nE       #15 0x55cb51dba998 <unknown>\nE       #16 0x55cb51dbab27 <unknown>\nE       #17 0x55cb51dd5c23 <unknown>\nE       #18 0x7f8c82365b43 <unknown>\n\n/opt/hostedtoolcache/Python/3.10.10/x64/lib/python3.10/site-packages/selenium/webdriver/support/wait.py:95: TimeoutException","flaky":false,"newFailed":false,"newBroken":false,"newPassed":false,"retriesCount":0,"retriesStatusChange":false,"beforeStages":[{"name":"_xunit_setup_method_fixture_TestConduit","time":{"start":1681326533672,"stop":1681326535082,"duration":1410},"status":"passed","steps":[],"attachments":[],"parameters":[],"stepsCount":0,"attachmentsCount":0,"shouldDisplayMessage":false,"hasContent":false}],"afterStages":[{"name":"_xunit_setup_method_fixture_TestConduit::0","time":{"start":1681326540611,"stop":1681326540671,"duration":60},"status":"passed","steps":[],"attachments":[],"parameters":[],"stepsCount":0,"attachmentsCount":0,"shouldDisplayMessage":false,"hasContent":false}],"labels":[{"name":"as_id","value":"TC07"},{"name":"parentSuite","value":"Vizsgaremek.test"},{"name":"suite","value":"test_conduit"},{"name":"subSuite","value":"TestConduit"},{"name":"host","value":"fv-az507-88"},{"name":"thread","value":"3043-MainThread"},{"name":"framework","value":"pytest"},{"name":"language","value":"cpython3"},{"name":"package","value":"Vizsgaremek.test.test_conduit"},{"name":"resultFormat","value":"allure2"}],"parameters":[],"links":[],"hidden":false,"retry":false,"extra":{"severity":"normal","retries":[],"categories":[{"name":"Test defects","matchedStatuses":[],"flaky":false}],"tags":[]},"source":"e5c2ccba537a8a41.json","parameterValues":[]}